2026/03/19 04:25:54 PoUW mining enabled for UFIn84xgEU1xGTcZWojs8FceAz9PDCMV9RXZ
2026/03/19 04:25:54 unified-node datadir=./data/mac-miner-1 rpc=127.0.0.1:18545
2026/03/19 04:25:54 network=unified-mainnet chainId=333 genesis=UFIVqDmxAjSgn57sNyv6QCEAWDCBDDbGybEZ architect=UFIVqDmxAjSgn57sNyv6QCEAWDCBDDbGybEZ
2026/03/19 04:25:54 p2p listen address: /ip4/127.0.0.1/tcp/4001/p2p/12D3KooWB4VsNb172HC1uhH3HvNVZqSXCQpAzUL6Z7aLkjuuqTHd
2026/03/19 04:25:54 p2p listen address: /ip4/192.168.12.228/tcp/4001/p2p/12D3KooWB4VsNb172HC1uhH3HvNVZqSXCQpAzUL6Z7aLkjuuqTHd
2026/03/19 04:26:32 accepted search task tx=c2330b1372d10dfdff969572a6da75c407aa08fc67d608458048d44e87f0cfb8 sender=UFIVqDmxAjSgn57sNyv6QCEAWDCBDDbGybEZ nonce=1 url=https://example.com total=18192 difficulty=8 pendingSearchTasks=1
2026/03/19 04:26:32 accepted search task tx=e9e14d2e5836abca5ad1d737aba74cf17cc8fc9a476eabbc29de50de7419ce1f sender=UFIVqDmxAjSgn57sNyv6QCEAWDCBDDbGybEZ nonce=2 url=https://nature.com total=18192 difficulty=8 pendingSearchTasks=2
2026/03/19 04:26:32 accepted search task tx=c3d5f5825ce8fc66ce324e4a4ea1029a1e53f565b08be626e2e3107cd6358942 sender=UFIVqDmxAjSgn57sNyv6QCEAWDCBDDbGybEZ nonce=3 url=https://sciencemag.org total=18192 difficulty=8 pendingSearchTasks=3
2026/03/19 04:26:39 mining tick: drained transfers=0 searchTasks=3
2026/03/19 04:26:43 mining task failed tx=c3d5f5825ce8fc66ce324e4a4ea1029a1e53f565b08be626e2e3107cd6358942 nonce=3 url=https://sciencemag.org err=consensus: crawl returned HTTP 403
2026/03/19 04:26:43 mining tick: requeued failed search tasks=1
2026/03/19 04:26:43 mined block number=2 hash=4a9510304930e921869286c39034d5060ba1d2089cd586ef3e9bfa7da81412c1 txs=2 proofs=2 miner=UFIn84xgEU1xGTcZWojs8FceAz9PDCMV9RXZ pendingTransfers=0 pendingSearchTasks=1
2026/03/19 04:26:54 mining tick: drained transfers=0 searchTasks=1
2026/03/19 04:26:55 mining task failed tx=c3d5f5825ce8fc66ce324e4a4ea1029a1e53f565b08be626e2e3107cd6358942 nonce=3 url=https://sciencemag.org err=consensus: crawl returned HTTP 403
2026/03/19 04:26:55 mining tick: requeued failed search tasks=1
2026/03/19 04:26:55 mining tick: no block produced after processing drained work
2026/03/19 04:27:09 mining tick: drained transfers=0 searchTasks=1
2026/03/19 04:27:10 mining task failed tx=c3d5f5825ce8fc66ce324e4a4ea1029a1e53f565b08be626e2e3107cd6358942 nonce=3 url=https://sciencemag.org err=consensus: crawl returned HTTP 403
2026/03/19 04:27:10 mining tick: requeued failed search tasks=1
2026/03/19 04:27:10 mining tick: no block produced after processing drained work
2026/03/19 04:27:24 mining tick: drained transfers=0 searchTasks=1
2026/03/19 04:27:25 mining task failed tx=c3d5f5825ce8fc66ce324e4a4ea1029a1e53f565b08be626e2e3107cd6358942 nonce=3 url=https://sciencemag.org err=consensus: crawl returned HTTP 403
2026/03/19 04:27:25 mining tick: requeued failed search tasks=1
2026/03/19 04:27:25 mining tick: no block produced after processing drained work
2026/03/19 04:27:39 mining tick: drained transfers=0 searchTasks=1
2026/03/19 04:27:40 mining task failed tx=c3d5f5825ce8fc66ce324e4a4ea1029a1e53f565b08be626e2e3107cd6358942 nonce=3 url=https://sciencemag.org err=consensus: crawl returned HTTP 403
2026/03/19 04:27:40 mining tick: requeued failed search tasks=1
2026/03/19 04:27:40 mining tick: no block produced after processing drained work
2026/03/19 04:27:54 mining tick: drained transfers=0 searchTasks=1
2026/03/19 04:27:55 mining task failed tx=c3d5f5825ce8fc66ce324e4a4ea1029a1e53f565b08be626e2e3107cd6358942 nonce=3 url=https://sciencemag.org err=consensus: crawl returned HTTP 403
2026/03/19 04:27:55 mining tick: requeued failed search tasks=1
2026/03/19 04:27:55 mining tick: no block produced after processing drained work
2026/03/19 04:28:09 mining tick: drained transfers=0 searchTasks=1
2026/03/19 04:28:10 mining task failed tx=c3d5f5825ce8fc66ce324e4a4ea1029a1e53f565b08be626e2e3107cd6358942 nonce=3 url=https://sciencemag.org err=consensus: crawl returned HTTP 403
2026/03/19 04:28:10 mining tick: requeued failed search tasks=1
2026/03/19 04:28:10 mining tick: no block produced after processing drained work
2026/03/19 04:28:24 mining tick: drained transfers=0 searchTasks=1
2026/03/19 04:28:25 mining task failed tx=c3d5f5825ce8fc66ce324e4a4ea1029a1e53f565b08be626e2e3107cd6358942 nonce=3 url=https://sciencemag.org err=consensus: crawl returned HTTP 403
2026/03/19 04:28:25 mining tick: requeued failed search tasks=1
2026/03/19 04:28:25 mining tick: no block produced after processing drained work
2026/03/19 04:28:39 mining tick: drained transfers=0 searchTasks=1
2026/03/19 04:28:40 mining task failed tx=c3d5f5825ce8fc66ce324e4a4ea1029a1e53f565b08be626e2e3107cd6358942 nonce=3 url=https://sciencemag.org err=consensus: crawl returned HTTP 403
2026/03/19 04:28:40 mining tick: requeued failed search tasks=1
2026/03/19 04:28:40 mining tick: no block produced after processing drained work
2026/03/19 04:28:54 mining tick: drained transfers=0 searchTasks=1
2026/03/19 04:28:55 mining task failed tx=c3d5f5825ce8fc66ce324e4a4ea1029a1e53f565b08be626e2e3107cd6358942 nonce=3 url=https://sciencemag.org err=consensus: crawl returned HTTP 403
2026/03/19 04:28:55 mining tick: requeued failed search tasks=1
2026/03/19 04:28:55 mining tick: no block produced after processing drained work
2026/03/19 04:29:09 mining tick: drained transfers=0 searchTasks=1
2026/03/19 04:29:10 mining task failed tx=c3d5f5825ce8fc66ce324e4a4ea1029a1e53f565b08be626e2e3107cd6358942 nonce=3 url=https://sciencemag.org err=consensus: crawl returned HTTP 403
2026/03/19 04:29:10 mining tick: requeued failed search tasks=1
2026/03/19 04:29:10 mining tick: no block produced after processing drained work
2026/03/19 04:29:24 mining tick: drained transfers=0 searchTasks=1
2026/03/19 04:29:25 mining task failed tx=c3d5f5825ce8fc66ce324e4a4ea1029a1e53f565b08be626e2e3107cd6358942 nonce=3 url=https://sciencemag.org err=consensus: crawl returned HTTP 403
2026/03/19 04:29:25 mining tick: requeued failed search tasks=1
2026/03/19 04:29:25 mining tick: no block produced after processing drained work
2026/03/19 04:29:39 mining tick: drained transfers=0 searchTasks=1
2026/03/19 04:29:40 mining task failed tx=c3d5f5825ce8fc66ce324e4a4ea1029a1e53f565b08be626e2e3107cd6358942 nonce=3 url=https://sciencemag.org err=consensus: crawl returned HTTP 403
2026/03/19 04:29:40 mining tick: requeued failed search tasks=1
2026/03/19 04:29:40 mining tick: no block produced after processing drained work
2026/03/19 04:29:54 mining tick: drained transfers=0 searchTasks=1
2026/03/19 04:29:55 mining task failed tx=c3d5f5825ce8fc66ce324e4a4ea1029a1e53f565b08be626e2e3107cd6358942 nonce=3 url=https://sciencemag.org err=consensus: crawl returned HTTP 403
2026/03/19 04:29:55 mining tick: requeued failed search tasks=1
2026/03/19 04:29:55 mining tick: no block produced after processing drained work
2026/03/19 04:30:09 mining tick: drained transfers=0 searchTasks=1
2026/03/19 04:30:10 mining task failed tx=c3d5f5825ce8fc66ce324e4a4ea1029a1e53f565b08be626e2e3107cd6358942 nonce=3 url=https://sciencemag.org err=consensus: crawl returned HTTP 403
2026/03/19 04:30:10 mining tick: requeued failed search tasks=1
2026/03/19 04:30:10 mining tick: no block produced after processing drained work
2026/03/19 04:30:24 mining tick: drained transfers=0 searchTasks=1
2026/03/19 04:30:25 mining task failed tx=c3d5f5825ce8fc66ce324e4a4ea1029a1e53f565b08be626e2e3107cd6358942 nonce=3 url=https://sciencemag.org err=consensus: crawl returned HTTP 403
2026/03/19 04:30:25 mining tick: requeued failed search tasks=1
2026/03/19 04:30:25 mining tick: no block produced after processing drained work
2026/03/19 04:30:39 mining tick: drained transfers=0 searchTasks=1
2026/03/19 04:30:40 mining task failed tx=c3d5f5825ce8fc66ce324e4a4ea1029a1e53f565b08be626e2e3107cd6358942 nonce=3 url=https://sciencemag.org err=consensus: crawl returned HTTP 403
2026/03/19 04:30:40 mining tick: requeued failed search tasks=1
2026/03/19 04:30:40 mining tick: no block produced after processing drained work
2026/03/19 04:30:54 mining tick: drained transfers=0 searchTasks=1
2026/03/19 04:30:55 mining task failed tx=c3d5f5825ce8fc66ce324e4a4ea1029a1e53f565b08be626e2e3107cd6358942 nonce=3 url=https://sciencemag.org err=consensus: crawl returned HTTP 403
2026/03/19 04:30:55 mining tick: requeued failed search tasks=1
2026/03/19 04:30:55 mining tick: no block produced after processing drained work
2026/03/19 04:31:09 mining tick: drained transfers=0 searchTasks=1
2026/03/19 04:31:10 mining task failed tx=c3d5f5825ce8fc66ce324e4a4ea1029a1e53f565b08be626e2e3107cd6358942 nonce=3 url=https://sciencemag.org err=consensus: crawl returned HTTP 403
2026/03/19 04:31:10 mining tick: requeued failed search tasks=1
2026/03/19 04:31:10 mining tick: no block produced after processing drained work
2026/03/19 04:31:24 mining tick: drained transfers=0 searchTasks=1
2026/03/19 04:31:25 mining task failed tx=c3d5f5825ce8fc66ce324e4a4ea1029a1e53f565b08be626e2e3107cd6358942 nonce=3 url=https://sciencemag.org err=consensus: crawl returned HTTP 403
2026/03/19 04:31:25 mining tick: requeued failed search tasks=1
2026/03/19 04:31:25 mining tick: no block produced after processing drained work
